* Host http2--Appli-4NnEMFqx8uSD-505715982.us-east-1.elb.amazonaws.com:443 was resolved.
* IPv6: (none)
* IPv4: 52.22.220.155, 13.216.83.65
*   Trying 52.22.220.155:443...
* Connected to http2--Appli-4NnEMFqx8uSD-505715982.us-east-1.elb.amazonaws.com (52.22.220.155) port 443
* ALPN: curl offers h2,http/1.1
} [5 bytes data]
* TLSv1.3 (OUT), TLS handshake, Client hello (1):
} [512 bytes data]
* TLSv1.3 (IN), TLS handshake, Server hello (2):
{ [122 bytes data]
* TLSv1.3 (IN), TLS handshake, Encrypted Extensions (8):
{ [15 bytes data]
* TLSv1.3 (IN), TLS handshake, Certificate (11):
{ [5188 bytes data]
* TLSv1.3 (IN), TLS handshake, CERT verify (15):
{ [264 bytes data]
* TLSv1.3 (IN), TLS handshake, Finished (20):
{ [36 bytes data]
* TLSv1.3 (OUT), TLS change cipher, Change cipher spec (1):
} [1 bytes data]
* TLSv1.3 (OUT), TLS handshake, Finished (20):
} [36 bytes data]
* SSL connection using TLSv1.3 / TLS_AES_128_GCM_SHA256 / X25519 / RSASSA-PSS
* ALPN: server accepted h2
* Server certificate:
*  subject: CN=chiwesh.awsps.myinstance.com
*  start date: May 31 00:00:00 2024 GMT
*  expire date: Jun 29 23:59:59 2025 GMT
*  issuer: C=US; O=Amazon; CN=Amazon RSA 2048 M03
*  SSL certificate verify result: unable to get local issuer certificate (20), continuing anyway.
*   Certificate level 0: Public key type RSA (2048/112 Bits/secBits), signed using sha256WithRSAEncryption
*   Certificate level 1: Public key type RSA (2048/112 Bits/secBits), signed using sha256WithRSAEncryption
*   Certificate level 2: Public key type RSA (2048/112 Bits/secBits), signed using sha256WithRSAEncryption
*   Certificate level 3: Public key type RSA (2048/112 Bits/secBits), signed using sha256WithRSAEncryption
} [5 bytes data]
* using HTTP/2
* [HTTP/2] [1] OPENED stream for https://http2--Appli-4NnEMFqx8uSD-505715982.us-east-1.elb.amazonaws.com/ec2
* [HTTP/2] [1] [:method: GET]
* [HTTP/2] [1] [:scheme: https]
* [HTTP/2] [1] [:authority: http2--Appli-4NnEMFqx8uSD-505715982.us-east-1.elb.amazonaws.com]
* [HTTP/2] [1] [:path: /ec2]
* [HTTP/2] [1] [user-agent: curl/8.5.0]
* [HTTP/2] [1] [accept: */*]
} [5 bytes data]
> GET /ec2 HTTP/2
> Host: http2--Appli-4NnEMFqx8uSD-505715982.us-east-1.elb.amazonaws.com
> User-Agent: curl/8.5.0
> Accept: */*
> 
{ [5 bytes data]
* TLSv1.3 (IN), TLS handshake, Newsession Ticket (4):
{ [157 bytes data]
< HTTP/2 200 
< date: Sat, 12 Apr 2025 13:56:59 GMT
< content-type: text/plain; charset=utf-8
< content-length: 34
< server: gunicorn
< 
{ [34 bytes data]
* Connection #0 to host http2--Appli-4NnEMFqx8uSD-505715982.us-east-1.elb.amazonaws.com left intact
Successful request to EC2 (python)